<?xml version="1.0" encoding="UTF-8"?>
<testsuite name="orderandchaos.TestCell" tests="1" skipped="0" failures="0" errors="0" timestamp="2022-01-22T14:45:44" hostname="MacBook-Pro-di-Ciro.local" time="0.006">
  <properties/>
  <testcase name="Instatiate()" classname="orderandchaos.TestCell" time="0.006"/>
  <system-out><![CDATA[]]></system-out>
  <system-err><![CDATA[]]></system-err>
</testsuite>
